# JRE version: Java(TM) SE Runtime Environment (13.0.1+9) (build 13.0.1+9)
# Java VM: Java HotSpot(TM) 64-Bit Server VM (13.0.1+9, mixed mode, sharing, tiered, compressed oops, g1 gc, windows-amd64)
Heap:
 garbage-first heap   total 102400K, used 73452K [0x00000000e0000000, 0x0000000100000000)
  region size 1024K, 37 young (37888K), 3 survivors (3072K)
 Metaspace       used 27193K, capacity 27979K, committed 28208K, reserved 1075200K
  class space    used 3035K, capacity 3346K, committed 3456K, reserved 1048576K
GC Heap History (12 events):
Event: 0.403 GC heap before
{Heap before GC invocations=0 (full 0):
 garbage-first heap   total 262144K, used 23552K [0x00000000e0000000, 0x0000000100000000)
  region size 1024K, 24 young (24576K), 0 survivors (0K)
 Metaspace       used 3262K, capacity 5615K, committed 5760K, reserved 1056768K
  class space    used 307K, capacity 531K, committed 640K, reserved 1048576K
}
Event: 0.409 GC heap after
{Heap after GC invocations=1 (full 0):
 garbage-first heap   total 262144K, used 5699K [0x00000000e0000000, 0x0000000100000000)
  region size 1024K, 3 young (3072K), 3 survivors (3072K)
 Metaspace       used 3262K, capacity 5615K, committed 5760K, reserved 1056768K
  class space    used 307K, capacity 531K, committed 640K, reserved 1048576K
}
Event: 2.344 GC heap before
{Heap before GC invocations=1 (full 0):
 garbage-first heap   total 262144K, used 159299K [0x00000000e0000000, 0x0000000100000000)
  region size 1024K, 153 young (156672K), 3 survivors (3072K)
 Metaspace       used 15692K, capacity 15999K, committed 16128K, reserved 1062912K
  class space    used 1611K, capacity 1707K, committed 1792K, reserved 1048576K
}
Event: 2.371 GC heap after
{Heap after GC invocations=2 (full 0):
 garbage-first heap   total 262144K, used 20184K [0x00000000e0000000, 0x0000000100000000)
  region size 1024K, 18 young (18432K), 18 survivors (18432K)
 Metaspace       used 15692K, capacity 15999K, committed 16128K, reserved 1062912K
  class space    used 1611K, capacity 1707K, committed 1792K, reserved 1048576K
}
Event: 3.300 GC heap before
{Heap before GC invocations=2 (full 0):
 garbage-first heap   total 262144K, used 93912K [0x00000000e0000000, 0x0000000100000000)
  region size 1024K, 91 young (93184K), 18 survivors (18432K)
 Metaspace       used 20698K, capacity 21185K, committed 21296K, reserved 1069056K
  class space    used 2228K, capacity 2398K, committed 2432K, reserved 1048576K
}
Event: 3.328 GC heap after
{Heap after GC invocations=3 (full 0):
 garbage-first heap   total 262144K, used 27820K [0x00000000e0000000, 0x0000000100000000)
  region size 1024K, 8 young (8192K), 8 survivors (8192K)
 Metaspace       used 20698K, capacity 21185K, committed 21296K, reserved 1069056K
  class space    used 2228K, capacity 2398K, committed 2432K, reserved 1048576K
}
Event: 4.426 GC heap before
{Heap before GC invocations=4 (full 0):
 garbage-first heap   total 102400K, used 81068K [0x00000000e0000000, 0x0000000100000000)
  region size 1024K, 60 young (61440K), 8 survivors (8192K)
 Metaspace       used 24067K, capacity 24790K, committed 24880K, reserved 1071104K
  class space    used 2683K, capacity 2925K, committed 2944K, reserved 1048576K
}
Event: 4.443 GC heap after
{Heap after GC invocations=5 (full 0):
 garbage-first heap   total 102400K, used 32321K [0x00000000e0000000, 0x0000000100000000)
  region size 1024K, 6 young (6144K), 6 survivors (6144K)
 Metaspace       used 24067K, capacity 24790K, committed 24880K, reserved 1071104K
  class space    used 2683K, capacity 2925K, committed 2944K, reserved 1048576K
}
Event: 14.170 GC heap before
{Heap before GC invocations=5 (full 0):
 garbage-first heap   total 102400K, used 84545K [0x00000000e0000000, 0x0000000100000000)
  region size 1024K, 49 young (50176K), 6 survivors (6144K)
 Metaspace       used 26158K, capacity 26909K, committed 26928K, reserved 1073152K
  class space    used 2920K, capacity 3184K, committed 3200K, reserved 1048576K
}
Event: 14.179 GC heap after
{Heap after GC invocations=6 (full 0):
 garbage-first heap   total 102400K, used 36800K [0x00000000e0000000, 0x0000000100000000)
  region size 1024K, 3 young (3072K), 3 survivors (3072K)
 Metaspace       used 26158K, capacity 26909K, committed 26928K, reserved 1073152K
  class space    used 2920K, capacity 3184K, committed 3200K, reserved 1048576K
}
Event: 14.210 GC heap before
{Heap before GC invocations=6 (full 0):
 garbage-first heap   total 102400K, used 80832K [0x00000000e0000000, 0x0000000100000000)
  region size 1024K, 45 young (46080K), 3 survivors (3072K)
 Metaspace       used 26158K, capacity 26909K, committed 26928K, reserved 1073152K
  class space    used 2920K, capacity 3184K, committed 3200K, reserved 1048576K
}
Event: 14.213 GC heap after
{Heap after GC invocations=7 (full 0):
 garbage-first heap   total 102400K, used 37612K [0x00000000e0000000, 0x0000000100000000)
  region size 1024K, 3 young (3072K), 3 survivors (3072K)
 Metaspace       used 26158K, capacity 26909K, committed 26928K, reserved 1073152K
  class space    used 2920K, capacity 3184K, committed 3200K, reserved 1048576K
}

